Build started 06/08/2024 6:25:53 CH.
     1>Project "C:\Users\MSII\Desktop\daylen\BaiTapNhom\BaiTapNhom_Chuong-02\BaiTapNhom_Chuong-02\BaiTapNhom_Chuong-02.vcxproj" on node 2 (Build target(s)).
     1>ClCompile:
         C:\Program Files (x86)\Microsoft Visual Studio 12.0\VC\bin\CL.exe /c /ZI /nologo /W3 /WX- /sdl- /Od /Oy- /D _MBCS /Gm /EHsc /RTC1 /MDd /GS /fp:precise /Zc:wchar_t /Zc:forScope /Fo"Debug\\" /Fd"Debug\vc120.pdb" /Gd /TP /analyze- /errorReport:prompt "Bai-04_Page-27.cpp"
         Bai-04_Page-27.cpp
     1>c:\users\msii\desktop\daylen\baitapnhom\baitapnhom_chuong-02\baitapnhom_chuong-02\bai-04_page-27.cpp(130): warning C4996: 'strcpy': This function or variable may be unsafe. Consider using strcpy_s instead. To disable deprecation, use _CRT_SECURE_NO_WARNINGS. See online help for details.
                 c:\program files (x86)\microsoft visual studio 12.0\vc\include\string.h(112) : see declaration of 'strcpy'
     1>c:\users\msii\desktop\daylen\baitapnhom\baitapnhom_chuong-02\baitapnhom_chuong-02\bai-04_page-27.cpp(131): warning C4996: 'strcpy': This function or variable may be unsafe. Consider using strcpy_s instead. To disable deprecation, use _CRT_SECURE_NO_WARNINGS. See online help for details.
                 c:\program files (x86)\microsoft visual studio 12.0\vc\include\string.h(112) : see declaration of 'strcpy'
     1>c:\users\msii\desktop\daylen\baitapnhom\baitapnhom_chuong-02\baitapnhom_chuong-02\bai-04_page-27.cpp(132): warning C4996: 'strcpy': This function or variable may be unsafe. Consider using strcpy_s instead. To disable deprecation, use _CRT_SECURE_NO_WARNINGS. See online help for details.
                 c:\program files (x86)\microsoft visual studio 12.0\vc\include\string.h(112) : see declaration of 'strcpy'
     1>c:\users\msii\desktop\daylen\baitapnhom\baitapnhom_chuong-02\baitapnhom_chuong-02\bai-04_page-27.cpp(166): warning C4996: 'scanf': This function or variable may be unsafe. Consider using scanf_s instead. To disable deprecation, use _CRT_SECURE_NO_WARNINGS. See online help for details.
                 c:\program files (x86)\microsoft visual studio 12.0\vc\include\stdio.h(283) : see declaration of 'scanf'
     1>c:\users\msii\desktop\daylen\baitapnhom\baitapnhom_chuong-02\baitapnhom_chuong-02\bai-04_page-27.cpp(171): warning C4996: 'scanf': This function or variable may be unsafe. Consider using scanf_s instead. To disable deprecation, use _CRT_SECURE_NO_WARNINGS. See online help for details.
                 c:\program files (x86)\microsoft visual studio 12.0\vc\include\stdio.h(283) : see declaration of 'scanf'
     1>c:\users\msii\desktop\daylen\baitapnhom\baitapnhom_chuong-02\baitapnhom_chuong-02\bai-04_page-27.cpp(174): warning C4996: 'scanf': This function or variable may be unsafe. Consider using scanf_s instead. To disable deprecation, use _CRT_SECURE_NO_WARNINGS. See online help for details.
                 c:\program files (x86)\microsoft visual studio 12.0\vc\include\stdio.h(283) : see declaration of 'scanf'
     1>c:\users\msii\desktop\daylen\baitapnhom\baitapnhom_chuong-02\baitapnhom_chuong-02\bai-04_page-27.cpp(182): warning C4996: 'scanf': This function or variable may be unsafe. Consider using scanf_s instead. To disable deprecation, use _CRT_SECURE_NO_WARNINGS. See online help for details.
                 c:\program files (x86)\microsoft visual studio 12.0\vc\include\stdio.h(283) : see declaration of 'scanf'
     1>c:\users\msii\desktop\daylen\baitapnhom\baitapnhom_chuong-02\baitapnhom_chuong-02\bai-04_page-27.cpp(185): warning C4996: 'scanf': This function or variable may be unsafe. Consider using scanf_s instead. To disable deprecation, use _CRT_SECURE_NO_WARNINGS. See online help for details.
                 c:\program files (x86)\microsoft visual studio 12.0\vc\include\stdio.h(283) : see declaration of 'scanf'
     1>c:\users\msii\desktop\daylen\baitapnhom\baitapnhom_chuong-02\baitapnhom_chuong-02\bai-04_page-27.cpp(193): warning C4996: 'scanf': This function or variable may be unsafe. Consider using scanf_s instead. To disable deprecation, use _CRT_SECURE_NO_WARNINGS. See online help for details.
                 c:\program files (x86)\microsoft visual studio 12.0\vc\include\stdio.h(283) : see declaration of 'scanf'
     1>c:\users\msii\desktop\daylen\baitapnhom\baitapnhom_chuong-02\baitapnhom_chuong-02\bai-04_page-27.cpp(196): warning C4996: 'scanf': This function or variable may be unsafe. Consider using scanf_s instead. To disable deprecation, use _CRT_SECURE_NO_WARNINGS. See online help for details.
                 c:\program files (x86)\microsoft visual studio 12.0\vc\include\stdio.h(283) : see declaration of 'scanf'
     1>c:\users\msii\desktop\daylen\baitapnhom\baitapnhom_chuong-02\baitapnhom_chuong-02\bai-04_page-27.cpp(204): warning C4996: 'scanf': This function or variable may be unsafe. Consider using scanf_s instead. To disable deprecation, use _CRT_SECURE_NO_WARNINGS. See online help for details.
                 c:\program files (x86)\microsoft visual studio 12.0\vc\include\stdio.h(283) : see declaration of 'scanf'
     1>c:\users\msii\desktop\daylen\baitapnhom\baitapnhom_chuong-02\baitapnhom_chuong-02\bai-04_page-27.cpp(207): warning C4996: 'scanf': This function or variable may be unsafe. Consider using scanf_s instead. To disable deprecation, use _CRT_SECURE_NO_WARNINGS. See online help for details.
                 c:\program files (x86)\microsoft visual studio 12.0\vc\include\stdio.h(283) : see declaration of 'scanf'
     1>c:\users\msii\desktop\daylen\baitapnhom\baitapnhom_chuong-02\baitapnhom_chuong-02\bai-04_page-27.cpp(215): warning C4996: 'scanf': This function or variable may be unsafe. Consider using scanf_s instead. To disable deprecation, use _CRT_SECURE_NO_WARNINGS. See online help for details.
                 c:\program files (x86)\microsoft visual studio 12.0\vc\include\stdio.h(283) : see declaration of 'scanf'
     1>c:\users\msii\desktop\daylen\baitapnhom\baitapnhom_chuong-02\baitapnhom_chuong-02\bai-04_page-27.cpp(218): warning C4996: 'scanf': This function or variable may be unsafe. Consider using scanf_s instead. To disable deprecation, use _CRT_SECURE_NO_WARNINGS. See online help for details.
                 c:\program files (x86)\microsoft visual studio 12.0\vc\include\stdio.h(283) : see declaration of 'scanf'
     1>c:\users\msii\desktop\daylen\baitapnhom\baitapnhom_chuong-02\baitapnhom_chuong-02\bai-04_page-27.cpp(226): warning C4996: 'scanf': This function or variable may be unsafe. Consider using scanf_s instead. To disable deprecation, use _CRT_SECURE_NO_WARNINGS. See online help for details.
                 c:\program files (x86)\microsoft visual studio 12.0\vc\include\stdio.h(283) : see declaration of 'scanf'
     1>c:\users\msii\desktop\daylen\baitapnhom\baitapnhom_chuong-02\baitapnhom_chuong-02\bai-04_page-27.cpp(229): warning C4996: 'scanf': This function or variable may be unsafe. Consider using scanf_s instead. To disable deprecation, use _CRT_SECURE_NO_WARNINGS. See online help for details.
                 c:\program files (x86)\microsoft visual studio 12.0\vc\include\stdio.h(283) : see declaration of 'scanf'
     1>c:\users\msii\desktop\daylen\baitapnhom\baitapnhom_chuong-02\baitapnhom_chuong-02\bai-04_page-27.cpp(237): warning C4996: 'scanf': This function or variable may be unsafe. Consider using scanf_s instead. To disable deprecation, use _CRT_SECURE_NO_WARNINGS. See online help for details.
                 c:\program files (x86)\microsoft visual studio 12.0\vc\include\stdio.h(283) : see declaration of 'scanf'
     1>c:\users\msii\desktop\daylen\baitapnhom\baitapnhom_chuong-02\baitapnhom_chuong-02\bai-04_page-27.cpp(240): warning C4996: 'scanf': This function or variable may be unsafe. Consider using scanf_s instead. To disable deprecation, use _CRT_SECURE_NO_WARNINGS. See online help for details.
                 c:\program files (x86)\microsoft visual studio 12.0\vc\include\stdio.h(283) : see declaration of 'scanf'
       Link:
         C:\Program Files (x86)\Microsoft Visual Studio 12.0\VC\bin\link.exe /ERRORREPORT:PROMPT /OUT:"C:\Users\MSII\Desktop\daylen\BaiTapNhom\BaiTapNhom_Chuong-02\Debug\BaiTapNhom_Chuong-02.exe" /INCREMENTAL /NOLOGO kernel32.lib user32.lib gdi32.lib winspool.lib comdlg32.lib advapi32.lib shell32.lib ole32.lib oleaut32.lib uuid.lib odbc32.lib odbccp32.lib /MANIFEST /MANIFESTUAC:"level='asInvoker' uiAccess='false'" /manifest:embed /DEBUG /PDB:"C:\Users\MSII\Desktop\daylen\BaiTapNhom\BaiTapNhom_Chuong-02\Debug\BaiTapNhom_Chuong-02.pdb" /TLBID:1 /DYNAMICBASE /NXCOMPAT /IMPLIB:"C:\Users\MSII\Desktop\daylen\BaiTapNhom\BaiTapNhom_Chuong-02\Debug\BaiTapNhom_Chuong-02.lib" /MACHINE:X86 "Debug\Bai-04_Page-27.obj"
         BaiTapNhom_Chuong-02.vcxproj -> C:\Users\MSII\Desktop\daylen\BaiTapNhom\BaiTapNhom_Chuong-02\Debug\BaiTapNhom_Chuong-02.exe
     1>Done Building Project "C:\Users\MSII\Desktop\daylen\BaiTapNhom\BaiTapNhom_Chuong-02\BaiTapNhom_Chuong-02\BaiTapNhom_Chuong-02.vcxproj" (Build target(s)).

Build succeeded.

Time Elapsed 00:00:00.77
